{
  "0 debug pnpm:scope": {
    "selected": 1
  },
  "1 error pnpm": {
    "errno": 1,
    "code": "ELIFECYCLE",
    "pkgid": "virtual-olympiad@0.9.0",
    "stage": "start",
    "script": "node ./server/index.js",
    "pkgname": "virtual-olympiad",
    "err": {
      "name": "pnpm",
      "message": "virtual-olympiad@0.9.0 start: `node ./server/index.js`\nExit status 1",
      "code": "ELIFECYCLE",
      "stack": "pnpm: virtual-olympiad@0.9.0 start: `node ./server/index.js`\nExit status 1\n    at EventEmitter.<anonymous> (C:\\Users\\Charl\\AppData\\Roaming\\npm\\pnpm-global\\5\\node_modules\\.pnpm\\pnpm@6.21.0\\node_modules\\pnpm\\dist\\pnpm.cjs:103336:20)\n    at EventEmitter.emit (node:events:390:28)\n    at ChildProcess.<anonymous> (C:\\Users\\Charl\\AppData\\Roaming\\npm\\pnpm-global\\5\\node_modules\\.pnpm\\pnpm@6.21.0\\node_modules\\pnpm\\dist\\pnpm.cjs:91276:18)\n    at ChildProcess.emit (node:events:390:28)\n    at maybeClose (node:internal/child_process:1062:16)\n    at Process.ChildProcess._handle.onexit (node:internal/child_process:301:5)"
    }
  },
  "2 warn pnpm:global": " Local package.json exists, but node_modules missing, did you mean to install?"
}